Build started 2/10/2012 10:01:44 AM.
     1>Project "C:\Users\Josh\Documents\Visual Studio 2010\Projects\CSCD305\Lab 2B\Lab 2B.vcxproj" on node 3 (rebuild target(s)).
     1>_PrepareForClean:
         Deleting file "Debug\Lab 2B.lastbuildstate".
       InitializeBuildStatus:
         Creating "Debug\Lab 2B.unsuccessfulbuild" because "AlwaysCreate" was specified.
       ClCompile:
         C:\Program Files (x86)\Microsoft Visual Studio 10.0\VC\bin\CL.exe /c /ZI /nologo /W3 /WX- /Od /Oy- /D _MBCS /Gm /EHsc /RTC1 /MDd /GS /fp:precise /Zc:wchar_t /Zc:forScope /Fo"Debug\\" /Fd"Debug\vc100.pdb" /Gd /TP /analyze- /errorReport:prompt customer.cpp lab2b.cpp lab2b_implement.cpp
         lab2b_implement.cpp
     1>c:\users\josh\documents\visual studio 2010\projects\cscd305\lab 2b\lab2b_implement.cpp(10): warning C4067: unexpected tokens following preprocessor directive - expected a newline
     1>c:\users\josh\documents\visual studio 2010\projects\cscd305\lab 2b\lab2b.h(11): warning C4067: unexpected tokens following preprocessor directive - expected a newline
     1>c:\users\josh\documents\visual studio 2010\projects\cscd305\lab 2b\lab2b.h(12): warning C4067: unexpected tokens following preprocessor directive - expected a newline
     1>c:\users\josh\documents\visual studio 2010\projects\cscd305\lab 2b\lab2b.h(13): warning C4067: unexpected tokens following preprocessor directive - expected a newline
     1>c:\users\josh\documents\visual studio 2010\projects\cscd305\lab 2b\lab2b.h(14): warning C4067: unexpected tokens following preprocessor directive - expected a newline
     1>c:\users\josh\documents\visual studio 2010\projects\cscd305\lab 2b\lab2b.h(15): warning C4067: unexpected tokens following preprocessor directive - expected a newline
         lab2b.cpp
     1>c:\users\josh\documents\visual studio 2010\projects\cscd305\lab 2b\lab2b.cpp(10): warning C4067: unexpected tokens following preprocessor directive - expected a newline
     1>c:\users\josh\documents\visual studio 2010\projects\cscd305\lab 2b\lab2b.h(11): warning C4067: unexpected tokens following preprocessor directive - expected a newline
     1>c:\users\josh\documents\visual studio 2010\projects\cscd305\lab 2b\lab2b.h(12): warning C4067: unexpected tokens following preprocessor directive - expected a newline
     1>c:\users\josh\documents\visual studio 2010\projects\cscd305\lab 2b\lab2b.h(13): warning C4067: unexpected tokens following preprocessor directive - expected a newline
     1>c:\users\josh\documents\visual studio 2010\projects\cscd305\lab 2b\lab2b.h(14): warning C4067: unexpected tokens following preprocessor directive - expected a newline
     1>c:\users\josh\documents\visual studio 2010\projects\cscd305\lab 2b\lab2b.h(15): warning C4067: unexpected tokens following preprocessor directive - expected a newline
     1>c:\users\josh\documents\visual studio 2010\projects\cscd305\lab 2b\lab2b.cpp(11): warning C4067: unexpected tokens following preprocessor directive - expected a newline
     1>c:\users\josh\documents\visual studio 2010\projects\cscd305\lab 2b\customer.h(11): warning C4067: unexpected tokens following preprocessor directive - expected a newline
         customer.cpp
     1>c:\users\josh\documents\visual studio 2010\projects\cscd305\lab 2b\customer.h(11): warning C4067: unexpected tokens following preprocessor directive - expected a newline
     1>c:\users\josh\documents\visual studio 2010\projects\cscd305\lab 2b\lab2b.h(11): warning C4067: unexpected tokens following preprocessor directive - expected a newline
     1>c:\users\josh\documents\visual studio 2010\projects\cscd305\lab 2b\lab2b.h(12): warning C4067: unexpected tokens following preprocessor directive - expected a newline
     1>c:\users\josh\documents\visual studio 2010\projects\cscd305\lab 2b\lab2b.h(13): warning C4067: unexpected tokens following preprocessor directive - expected a newline
     1>c:\users\josh\documents\visual studio 2010\projects\cscd305\lab 2b\lab2b.h(14): warning C4067: unexpected tokens following preprocessor directive - expected a newline
     1>c:\users\josh\documents\visual studio 2010\projects\cscd305\lab 2b\lab2b.h(15): warning C4067: unexpected tokens following preprocessor directive - expected a newline
         Generating Code...
       Link:
         C:\Program Files (x86)\Microsoft Visual Studio 10.0\VC\bin\link.exe /ERRORREPORT:PROMPT /OUT:"C:\Users\Josh\Documents\Visual Studio 2010\Projects\CSCD305\Debug\Lab 2B.exe" /NOLOGO kernel32.lib user32.lib gdi32.lib winspool.lib comdlg32.lib advapi32.lib shell32.lib ole32.lib oleaut32.lib uuid.lib odbc32.lib odbccp32.lib /MANIFEST /ManifestFile:"Debug\Lab 2B.exe.intermediate.manifest" /MANIFESTUAC:"level='asInvoker' uiAccess='false'" /DEBUG /PDB:"C:\Users\Josh\Documents\Visual Studio 2010\Projects\CSCD305\Debug\Lab 2B.pdb" /TLBID:1 /DYNAMICBASE /NXCOMPAT /IMPLIB:"C:\Users\Josh\Documents\Visual Studio 2010\Projects\CSCD305\Debug\Lab 2B.lib" /MACHINE:X86 Debug\customer.obj
         Debug\lab2b.obj
         Debug\lab2b_implement.obj
         Lab 2B.vcxproj -> C:\Users\Josh\Documents\Visual Studio 2010\Projects\CSCD305\Debug\Lab 2B.exe
       Manifest:
         C:\Program Files (x86)\Microsoft SDKs\Windows\v7.0A\bin\mt.exe /nologo /verbose /outputresource:"C:\Users\Josh\Documents\Visual Studio 2010\Projects\CSCD305\Debug\Lab 2B.exe;#1" /manifest "Debug\Lab 2B.exe.intermediate.manifest"
       FinalizeBuildStatus:
         Deleting file "Debug\Lab 2B.unsuccessfulbuild".
         Touching "Debug\Lab 2B.lastbuildstate".
     1>Done Building Project "C:\Users\Josh\Documents\Visual Studio 2010\Projects\CSCD305\Lab 2B\Lab 2B.vcxproj" (rebuild target(s)).

Build succeeded.

Time Elapsed 00:00:04.49
